<?xml version="1.0" encoding="UTF-8"?>
<!-- Generated by org.testng.reporters.JUnitReportReporter -->
<testsuite skipped="0" hostname="MININT-HAVGISG" name="com.testcases.RestAssured" tests="1" failures="0" timestamp="10 May 2017 03:33:24 GMT" time="2.912" errors="0">
  <testcase name="makeSureThatWebsiteIsUp" time="2.912" classname="com.testcases.RestAssured"/>
</testsuite> <!-- com.testcases.RestAssured -->
